<?xml version="1.0" encoding="UTF-8"?>
<!-- Generated by org.testng.reporters.JUnitReportReporter -->
<testsuite hostname="ApoorvaSharmas-MacBook-Pro.local" failures="0" tests="1" name="Academy.HomePage" time="13.717" errors="0" timestamp="16 Apr 2018 05:22:47 GMT" skipped="0">
  <testcase classname="Academy.HomePage" name="basePageNavigation" time="13.717"/>
</testsuite> <!-- Academy.HomePage -->
